<?xml version="1.0" encoding="UTF-8"?>
<coverage generated="1689877707040" clover="3.2.0">
  <project timestamp="1689877707040" name="All files">
    <metrics statements="40" coveredstatements="31" conditionals="47" coveredconditionals="20" methods="9" coveredmethods="7" elements="96" coveredelements="58" complexity="0" loc="40" ncloc="40" packages="1" files="1" classes="1"/>
    <file name="Sticky.tsx" path="E:\Data\Projects\ProjectFiles\Web\npm\react-sticky\src\Sticky.tsx">
      <metrics statements="40" coveredstatements="31" conditionals="47" coveredconditionals="20" methods="9" coveredmethods="7"/>
      <line num="1" count="1" type="stmt"/>
      <line num="2" count="1" type="stmt"/>
      <line num="4" count="1" type="stmt"/>
      <line num="8" count="1" type="stmt"/>
      <line num="9" count="2" type="cond" truecount="1" falsecount="1"/>
      <line num="10" count="2" type="cond" truecount="1" falsecount="3"/>
      <line num="25" count="1" type="stmt"/>
      <line num="26" count="2" type="stmt"/>
      <line num="27" count="2" type="stmt"/>
      <line num="28" count="2" type="stmt"/>
      <line num="30" count="2" type="stmt"/>
      <line num="31" count="2" type="stmt"/>
      <line num="33" count="15" type="stmt"/>
      <line num="34" count="15" type="cond" truecount="3" falsecount="1"/>
      <line num="36" count="15" type="cond" truecount="3" falsecount="1"/>
      <line num="37" count="15" type="cond" truecount="0" falsecount="1"/>
      <line num="39" count="15" type="stmt"/>
      <line num="43" count="15" type="stmt"/>
      <line num="49" count="15" type="cond" truecount="2" falsecount="6"/>
      <line num="54" count="15" type="cond" truecount="0" falsecount="1"/>
      <line num="56" count="15" type="stmt"/>
      <line num="59" count="15" type="cond" truecount="2" falsecount="1"/>
      <line num="60" count="0" type="stmt"/>
      <line num="62" count="15" type="stmt"/>
      <line num="66" count="2" type="stmt"/>
      <line num="67" count="0" type="stmt"/>
      <line num="71" count="2" type="cond" truecount="2" falsecount="0"/>
      <line num="74" count="2" type="stmt"/>
      <line num="75" count="0" type="stmt"/>
      <line num="77" count="0" type="cond" truecount="0" falsecount="2"/>
      <line num="79" count="0" type="cond" truecount="0" falsecount="1"/>
      <line num="80" count="0" type="cond" truecount="0" falsecount="4"/>
      <line num="81" count="0" type="stmt"/>
      <line num="82" count="0" type="cond" truecount="0" falsecount="3"/>
      <line num="83" count="0" type="stmt"/>
      <line num="88" count="2" type="stmt"/>
      <line num="89" count="2" type="stmt"/>
      <line num="91" count="2" type="stmt"/>
      <line num="94" count="2" type="stmt"/>
      <line num="103" count="1" type="stmt"/>
    </file>
  </project>
</coverage>
