{"E:\\Data\\Projects\\ProjectFiles\\Web\\npm\\react-sticky\\src\\Sticky.tsx": {"path":"E:\\Data\\Projects\\ProjectFiles\\Web\\npm\\react-sticky\\src\\Sticky.tsx","statementMap":{"0":{"start":{"line":1,"column":0},"end":{"line":1,"column":65}},"1":{"start":{"line":2,"column":0},"end":{"line":2,"column":39}},"2":{"start":{"line":4,"column":18},"end":{"line":6,"column":2}},"3":{"start":{"line":8,"column":21},"end":{"line":11,"column":2}},"4":{"start":{"line":9,"column":26},"end":{"line":9,"column":62}},"5":{"start":{"line":10,"column":21},"end":{"line":10,"column":69}},"6":{"start":{"line":25,"column":15},"end":{"line":101,"column":1}},"7":{"start":{"line":26,"column":30},"end":{"line":26,"column":45}},"8":{"start":{"line":27,"column":22},"end":{"line":27,"column":50}},"9":{"start":{"line":28,"column":38},"end":{"line":28,"column":57}},"10":{"start":{"line":30,"column":2},"end":{"line":72,"column":15}},"11":{"start":{"line":31,"column":29},"end":{"line":63,"column":null}},"12":{"start":{"line":33,"column":28},"end":{"line":33,"column":59}},"13":{"start":{"line":34,"column":29},"end":{"line":34,"column":73}},"14":{"start":{"line":36,"column":24},"end":{"line":36,"column":65}},"15":{"start":{"line":37,"column":8},"end":{"line":37,"column":35}},"16":{"start":{"line":37,"column":22},"end":{"line":37,"column":35}},"17":{"start":{"line":39,"column":44},"end":{"line":42,"column":10}},"18":{"start":{"line":43,"column":48},"end":{"line":46,"column":10}},"19":{"start":{"line":49,"column":10},"end":{"line":52,"column":75}},"20":{"start":{"line":54,"column":8},"end":{"line":54,"column":35}},"21":{"start":{"line":54,"column":22},"end":{"line":54,"column":35}},"22":{"start":{"line":56,"column":30},"end":{"line":58,"column":39}},"23":{"start":{"line":59,"column":8},"end":{"line":61,"column":null}},"24":{"start":{"line":60,"column":10},"end":{"line":60,"column":22}},"25":{"start":{"line":62,"column":8},"end":{"line":62,"column":21}},"26":{"start":{"line":66,"column":24},"end":{"line":68,"column":null}},"27":{"start":{"line":67,"column":31},"end":{"line":67,"column":64}},"28":{"start":{"line":71,"column":4},"end":{"line":71,"column":47}},"29":{"start":{"line":74,"column":19},"end":{"line":86,"column":26}},"30":{"start":{"line":75,"column":16},"end":{"line":75,"column":36}},"31":{"start":{"line":77,"column":27},"end":{"line":77,"column":60}},"32":{"start":{"line":79,"column":4},"end":{"line":85,"column":null}},"33":{"start":{"line":80,"column":6},"end":{"line":84,"column":null}},"34":{"start":{"line":81,"column":8},"end":{"line":81,"column":24}},"35":{"start":{"line":82,"column":13},"end":{"line":84,"column":null}},"36":{"start":{"line":83,"column":8},"end":{"line":83,"column":25}},"37":{"start":{"line":88,"column":2},"end":{"line":92,"column":17}},"38":{"start":{"line":89,"column":4},"end":{"line":89,"column":48}},"39":{"start":{"line":91,"column":4},"end":{"line":91,"column":64}},"40":{"start":{"line":91,"column":17},"end":{"line":91,"column":63}},"41":{"start":{"line":94,"column":2},"end":{"line":100,"column":4}},"42":{"start":{"line":103,"column":0},"end":{"line":103,"column":22}}},"fnMap":{"0":{"name":"(anonymous_0)","decl":{"start":{"line":9,"column":14},"end":{"line":9,"column":15}},"loc":{"start":{"line":9,"column":26},"end":{"line":9,"column":62}}},"1":{"name":"(anonymous_1)","decl":{"start":{"line":10,"column":9},"end":{"line":10,"column":10}},"loc":{"start":{"line":10,"column":21},"end":{"line":10,"column":69}}},"2":{"name":"(anonymous_2)","decl":{"start":{"line":25,"column":15},"end":{"line":25,"column":16}},"loc":{"start":{"line":25,"column":47},"end":{"line":101,"column":1}}},"3":{"name":"(anonymous_3)","decl":{"start":{"line":30,"column":12},"end":{"line":30,"column":15}},"loc":{"start":{"line":30,"column":17},"end":{"line":72,"column":3}}},"4":{"name":"(anonymous_4)","decl":{"start":{"line":32,"column":6},"end":{"line":32,"column":7}},"loc":{"start":{"line":32,"column":18},"end":{"line":63,"column":7}}},"5":{"name":"(anonymous_5)","decl":{"start":{"line":67,"column":6},"end":{"line":67,"column":7}},"loc":{"start":{"line":67,"column":31},"end":{"line":67,"column":64}}},"6":{"name":"(anonymous_6)","decl":{"start":{"line":74,"column":31},"end":{"line":74,"column":34}},"loc":{"start":{"line":74,"column":36},"end":{"line":86,"column":3}}},"7":{"name":"(anonymous_7)","decl":{"start":{"line":88,"column":12},"end":{"line":88,"column":15}},"loc":{"start":{"line":88,"column":17},"end":{"line":92,"column":3}}},"8":{"name":"(anonymous_8)","decl":{"start":{"line":91,"column":11},"end":{"line":91,"column":14}},"loc":{"start":{"line":91,"column":17},"end":{"line":91,"column":63}}}},"branchMap":{"0":{"loc":{"start":{"line":9,"column":26},"end":{"line":9,"column":62}},"type":"cond-expr","locations":[{"start":{"line":9,"column":42},"end":{"line":9,"column":49}},{"start":{"line":9,"column":52},"end":{"line":9,"column":62}}]},"1":{"loc":{"start":{"line":10,"column":21},"end":{"line":10,"column":69}},"type":"cond-expr","locations":[{"start":{"line":10,"column":37},"end":{"line":10,"column":63}},{"start":{"line":10,"column":66},"end":{"line":10,"column":69}}]},"2":{"loc":{"start":{"line":10,"column":38},"end":{"line":10,"column":55}},"type":"binary-expr","locations":[{"start":{"line":10,"column":38},"end":{"line":10,"column":50}},{"start":{"line":10,"column":54},"end":{"line":10,"column":55}}]},"3":{"loc":{"start":{"line":34,"column":29},"end":{"line":34,"column":73}},"type":"cond-expr","locations":[{"start":{"line":34,"column":48},"end":{"line":34,"column":50}},{"start":{"line":34,"column":48},"end":{"line":34,"column":73}}]},"4":{"loc":{"start":{"line":34,"column":29},"end":{"line":34,"column":50}},"type":"binary-expr","locations":[{"start":{"line":34,"column":29},"end":{"line":34,"column":50}},{"start":{"line":34,"column":48},"end":{"line":34,"column":50}}]},"5":{"loc":{"start":{"line":36,"column":46},"end":{"line":36,"column":64}},"type":"cond-expr","locations":[{"start":{"line":36,"column":58},"end":{"line":36,"column":60}},{"start":{"line":36,"column":46},"end":{"line":36,"column":64}}]},"6":{"loc":{"start":{"line":36,"column":46},"end":{"line":36,"column":60}},"type":"binary-expr","locations":[{"start":{"line":36,"column":46},"end":{"line":36,"column":60}},{"start":{"line":36,"column":46},"end":{"line":36,"column":60}}]},"7":{"loc":{"start":{"line":37,"column":8},"end":{"line":37,"column":35}},"type":"if","locations":[{"start":{"line":37,"column":8},"end":{"line":37,"column":35}}]},"8":{"loc":{"start":{"line":44,"column":10},"end":{"line":44,"column":29}},"type":"cond-expr","locations":[{"start":{"line":44,"column":22},"end":{"line":44,"column":24}},{"start":{"line":44,"column":10},"end":{"line":44,"column":29}}]},"9":{"loc":{"start":{"line":44,"column":10},"end":{"line":44,"column":24}},"type":"binary-expr","locations":[{"start":{"line":44,"column":10},"end":{"line":44,"column":24}},{"start":{"line":44,"column":10},"end":{"line":44,"column":24}}]},"10":{"loc":{"start":{"line":45,"column":10},"end":{"line":45,"column":30}},"type":"cond-expr","locations":[{"start":{"line":45,"column":22},"end":{"line":45,"column":24}},{"start":{"line":45,"column":10},"end":{"line":45,"column":30}}]},"11":{"loc":{"start":{"line":45,"column":10},"end":{"line":45,"column":24}},"type":"binary-expr","locations":[{"start":{"line":45,"column":10},"end":{"line":45,"column":24}},{"start":{"line":45,"column":10},"end":{"line":45,"column":24}}]},"12":{"loc":{"start":{"line":49,"column":10},"end":{"line":52,"column":75}},"type":"binary-expr","locations":[{"start":{"line":49,"column":11},"end":{"line":49,"column":39}},{"start":{"line":49,"column":43},"end":{"line":49,"column":73}},{"start":{"line":50,"column":11},"end":{"line":50,"column":40}},{"start":{"line":50,"column":44},"end":{"line":50,"column":74}},{"start":{"line":51,"column":11},"end":{"line":51,"column":39}},{"start":{"line":51,"column":43},"end":{"line":51,"column":72}},{"start":{"line":52,"column":11},"end":{"line":52,"column":41}},{"start":{"line":52,"column":45},"end":{"line":52,"column":74}}]},"13":{"loc":{"start":{"line":54,"column":8},"end":{"line":54,"column":35}},"type":"if","locations":[{"start":{"line":54,"column":8},"end":{"line":54,"column":35}}]},"14":{"loc":{"start":{"line":59,"column":8},"end":{"line":61,"column":null}},"type":"if","locations":[{"start":{"line":59,"column":8},"end":{"line":61,"column":null}}]},"15":{"loc":{"start":{"line":59,"column":12},"end":{"line":59,"column":67}},"type":"binary-expr","locations":[{"start":{"line":59,"column":12},"end":{"line":59,"column":37}},{"start":{"line":59,"column":41},"end":{"line":59,"column":67}}]},"16":{"loc":{"start":{"line":71,"column":33},"end":{"line":71,"column":44}},"type":"binary-expr","locations":[{"start":{"line":71,"column":33},"end":{"line":71,"column":39}},{"start":{"line":71,"column":43},"end":{"line":71,"column":44}}]},"17":{"loc":{"start":{"line":77,"column":44},"end":{"line":77,"column":59}},"type":"binary-expr","locations":[{"start":{"line":77,"column":44},"end":{"line":77,"column":54}},{"start":{"line":77,"column":58},"end":{"line":77,"column":59}}]},"18":{"loc":{"start":{"line":79,"column":4},"end":{"line":85,"column":null}},"type":"if","locations":[{"start":{"line":79,"column":4},"end":{"line":85,"column":null}}]},"19":{"loc":{"start":{"line":80,"column":6},"end":{"line":84,"column":null}},"type":"if","locations":[{"start":{"line":80,"column":6},"end":{"line":84,"column":null}},{"start":{"line":82,"column":13},"end":{"line":84,"column":null}}]},"20":{"loc":{"start":{"line":80,"column":10},"end":{"line":80,"column":53}},"type":"binary-expr","locations":[{"start":{"line":80,"column":10},"end":{"line":80,"column":17}},{"start":{"line":80,"column":21},"end":{"line":80,"column":53}}]},"21":{"loc":{"start":{"line":82,"column":13},"end":{"line":84,"column":null}},"type":"if","locations":[{"start":{"line":82,"column":13},"end":{"line":84,"column":null}}]},"22":{"loc":{"start":{"line":82,"column":17},"end":{"line":82,"column":59}},"type":"binary-expr","locations":[{"start":{"line":82,"column":17},"end":{"line":82,"column":23}},{"start":{"line":82,"column":27},"end":{"line":82,"column":59}}]}},"s":{"0":1,"1":1,"2":1,"3":1,"4":2,"5":2,"6":1,"7":2,"8":2,"9":2,"10":2,"11":2,"12":15,"13":15,"14":15,"15":15,"16":0,"17":15,"18":15,"19":15,"20":15,"21":0,"22":15,"23":15,"24":0,"25":15,"26":2,"27":0,"28":2,"29":2,"30":0,"31":0,"32":0,"33":0,"34":0,"35":0,"36":0,"37":2,"38":2,"39":2,"40":2,"41":2,"42":1},"f":{"0":2,"1":2,"2":2,"3":2,"4":15,"5":0,"6":0,"7":2,"8":2},"b":{"0":[0,2],"1":[0,2],"2":[0,0],"3":[0,15],"4":[15,15],"5":[0,15],"6":[15,15],"7":[0],"8":[0,15],"9":[15,15],"10":[0,15],"11":[15,15],"12":[15,15,0,0,0,0,0,0],"13":[0],"14":[0],"15":[15,15],"16":[2,2],"17":[0,0],"18":[0],"19":[0,0],"20":[0,0],"21":[0],"22":[0,0]}}
}
