TN:
SF:src\Sticky.tsx
FN:9,(anonymous_0)
FN:10,(anonymous_1)
FN:25,(anonymous_2)
FN:30,(anonymous_3)
FN:32,(anonymous_4)
FN:67,(anonymous_5)
FN:74,(anonymous_6)
FN:88,(anonymous_7)
FN:91,(anonymous_8)
FNF:9
FNH:7
FNDA:2,(anonymous_0)
FNDA:2,(anonymous_1)
FNDA:2,(anonymous_2)
FNDA:2,(anonymous_3)
FNDA:15,(anonymous_4)
FNDA:0,(anonymous_5)
FNDA:0,(anonymous_6)
FNDA:2,(anonymous_7)
FNDA:2,(anonymous_8)
DA:1,1
DA:2,1
DA:4,1
DA:8,1
DA:9,2
DA:10,2
DA:25,1
DA:26,2
DA:27,2
DA:28,2
DA:30,2
DA:31,2
DA:33,15
DA:34,15
DA:36,15
DA:37,15
DA:39,15
DA:43,15
DA:49,15
DA:54,15
DA:56,15
DA:59,15
DA:60,0
DA:62,15
DA:66,2
DA:67,0
DA:71,2
DA:74,2
DA:75,0
DA:77,0
DA:79,0
DA:80,0
DA:81,0
DA:82,0
DA:83,0
DA:88,2
DA:89,2
DA:91,2
DA:94,2
DA:103,1
LF:40
LH:31
BRDA:9,0,0,0
BRDA:9,0,1,2
BRDA:10,1,0,0
BRDA:10,1,1,2
BRDA:10,2,0,0
BRDA:10,2,1,0
BRDA:34,3,0,0
BRDA:34,3,1,15
BRDA:34,4,0,15
BRDA:34,4,1,15
BRDA:36,5,0,0
BRDA:36,5,1,15
BRDA:36,6,0,15
BRDA:36,6,1,15
BRDA:37,7,0,0
BRDA:44,8,0,0
BRDA:44,8,1,15
BRDA:44,9,0,15
BRDA:44,9,1,15
BRDA:45,10,0,0
BRDA:45,10,1,15
BRDA:45,11,0,15
BRDA:45,11,1,15
BRDA:49,12,0,15
BRDA:49,12,1,15
BRDA:49,12,2,0
BRDA:49,12,3,0
BRDA:49,12,4,0
BRDA:49,12,5,0
BRDA:49,12,6,0
BRDA:49,12,7,0
BRDA:54,13,0,0
BRDA:59,14,0,0
BRDA:59,15,0,15
BRDA:59,15,1,15
BRDA:71,16,0,2
BRDA:71,16,1,2
BRDA:77,17,0,0
BRDA:77,17,1,0
BRDA:79,18,0,0
BRDA:80,19,0,0
BRDA:80,19,1,0
BRDA:80,20,0,0
BRDA:80,20,1,0
BRDA:82,21,0,0
BRDA:82,22,0,0
BRDA:82,22,1,0
BRF:47
BRH:20
end_of_record
